{"/Users/shervindaletabernero/Documents/UROLENS/urolens-mobile/src/db/sync/conflictResolver.ts": {"path":"/Users/shervindaletabernero/Documents/UROLENS/urolens-mobile/src/db/sync/conflictResolver.ts","statementMap":{"0":{"start":{"line":21,"column":2},"end":{"line":23,"column":3}},"1":{"start":{"line":22,"column":4},"end":{"line":22,"column":25}},"2":{"start":{"line":26,"column":2},"end":{"line":28,"column":3}},"3":{"start":{"line":27,"column":4},"end":{"line":27,"column":25}},"4":{"start":{"line":31,"column":2},"end":{"line":34,"column":4}},"5":{"start":{"line":35,"column":2},"end":{"line":35,"column":23}},"6":{"start":{"line":43,"column":2},"end":{"line":43,"column":64}}},"fnMap":{"0":{"name":"resolveConflict","decl":{"start":{"line":19,"column":16},"end":{"line":19,"column":31}},"loc":{"start":{"line":19,"column":72},"end":{"line":36,"column":1}},"line":19},"1":{"name":"applyResolution","decl":{"start":{"line":38,"column":16},"end":{"line":38,"column":31}},"loc":{"start":{"line":42,"column":11},"end":{"line":44,"column":1}},"line":42}},"branchMap":{"0":{"loc":{"start":{"line":21,"column":2},"end":{"line":23,"column":3}},"type":"if","locations":[{"start":{"line":21,"column":2},"end":{"line":23,"column":3}},{"start":{},"end":{}}],"line":21},"1":{"loc":{"start":{"line":26,"column":2},"end":{"line":28,"column":3}},"type":"if","locations":[{"start":{"line":26,"column":2},"end":{"line":28,"column":3}},{"start":{},"end":{}}],"line":26},"2":{"loc":{"start":{"line":26,"column":6},"end":{"line":26,"column":80}},"type":"binary-expr","locations":[{"start":{"line":26,"column":6},"end":{"line":26,"column":38}},{"start":{"line":26,"column":42},"end":{"line":26,"column":80}}],"line":26},"3":{"loc":{"start":{"line":43,"column":9},"end":{"line":43,"column":63}},"type":"cond-expr","locations":[{"start":{"line":43,"column":38},"end":{"line":43,"column":49}},{"start":{"line":43,"column":52},"end":{"line":43,"column":63}}],"line":43}},"s":{"0":9,"1":3,"2":6,"3":2,"4":4,"5":4,"6":6},"f":{"0":9,"1":6},"b":{"0":[3,6],"1":[2,4],"2":[6,4],"3":[3,3]},"_coverageSchema":"1a1c01bbd47fc00a2c39e90264f33305004495a9","hash":"db4438815bcf2ed8092cb975d2c2d7664ca75fba"}
,"/Users/shervindaletabernero/Documents/UROLENS/urolens-mobile/src/features/image-retake/hooks/useImageRetake.ts": {"path":"/Users/shervindaletabernero/Documents/UROLENS/urolens-mobile/src/features/image-retake/hooks/useImageRetake.ts","statementMap":{"0":{"start":{"line":49,"column":28},"end":{"line":49,"column":68}},"1":{"start":{"line":50,"column":44},"end":{"line":50,"column":81}},"2":{"start":{"line":52,"column":19},"end":{"line":52,"column":55}},"3":{"start":{"line":54,"column":16},"end":{"line":58,"column":8}},"4":{"start":{"line":55,"column":4},"end":{"line":55,"column":30}},"5":{"start":{"line":56,"column":4},"end":{"line":56,"column":32}},"6":{"start":{"line":57,"column":4},"end":{"line":57,"column":27}},"7":{"start":{"line":62,"column":26},"end":{"line":123,"column":3}},"8":{"start":{"line":64,"column":6},"end":{"line":64,"column":39}},"9":{"start":{"line":66,"column":6},"end":{"line":120,"column":7}},"10":{"start":{"line":68,"column":20},"end":{"line":68,"column":47}},"11":{"start":{"line":69,"column":8},"end":{"line":72,"column":9}},"12":{"start":{"line":70,"column":10},"end":{"line":70,"column":38}},"13":{"start":{"line":71,"column":10},"end":{"line":71,"column":17}},"14":{"start":{"line":75,"column":8},"end":{"line":75,"column":42}},"15":{"start":{"line":78,"column":8},"end":{"line":82,"column":9}},"16":{"start":{"line":79,"column":10},"end":{"line":79,"column":55}},"17":{"start":{"line":81,"column":10},"end":{"line":81,"column":59}},"18":{"start":{"line":84,"column":8},"end":{"line":84,"column":36}},"19":{"start":{"line":87,"column":8},"end":{"line":87,"column":54}},"20":{"start":{"line":88,"column":8},"end":{"line":88,"column":49}},"21":{"start":{"line":90,"column":21},"end":{"line":90,"column":63}},"22":{"start":{"line":92,"column":25},"end":{"line":105,"column":10}},"23":{"start":{"line":100,"column":12},"end":{"line":103,"column":13}},"24":{"start":{"line":101,"column":31},"end":{"line":101,"column":73}},"25":{"start":{"line":102,"column":14},"end":{"line":102,"column":57}},"26":{"start":{"line":107,"column":44},"end":{"line":107,"column":57}},"27":{"start":{"line":109,"column":8},"end":{"line":114,"column":11}},"28":{"start":{"line":116,"column":8},"end":{"line":116,"column":39}},"29":{"start":{"line":116,"column":32},"end":{"line":116,"column":39}},"30":{"start":{"line":118,"column":24},"end":{"line":118,"column":44}},"31":{"start":{"line":119,"column":8},"end":{"line":119,"column":46}},"32":{"start":{"line":127,"column":23},"end":{"line":136,"column":13}},"33":{"start":{"line":128,"column":4},"end":{"line":135,"column":5}},"34":{"start":{"line":129,"column":6},"end":{"line":129,"column":57}},"35":{"start":{"line":131,"column":6},"end":{"line":131,"column":14}},"36":{"start":{"line":133,"column":22},"end":{"line":133,"column":42}},"37":{"start":{"line":134,"column":6},"end":{"line":134,"column":44}},"38":{"start":{"line":138,"column":2},"end":{"line":138,"column":72}},"39":{"start":{"line":144,"column":2},"end":{"line":154,"column":3}},"40":{"start":{"line":145,"column":23},"end":{"line":145,"column":67}},"41":{"start":{"line":146,"column":4},"end":{"line":148,"column":5}},"42":{"start":{"line":147,"column":6},"end":{"line":147,"column":104}},"43":{"start":{"line":153,"column":4},"end":{"line":153,"column":16}},"44":{"start":{"line":156,"column":21},"end":{"line":156,"column":76}},"45":{"start":{"line":157,"column":2},"end":{"line":159,"column":3}},"46":{"start":{"line":158,"column":4},"end":{"line":158,"column":91}},"47":{"start":{"line":161,"column":17},"end":{"line":166,"column":4}},"48":{"start":{"line":168,"column":2},"end":{"line":168,"column":56}},"49":{"start":{"line":168,"column":44},"end":{"line":168,"column":56}},"50":{"start":{"line":169,"column":2},"end":{"line":169,"column":26}},"51":{"start":{"line":173,"column":2},"end":{"line":176,"column":4}},"52":{"start":{"line":180,"column":2},"end":{"line":182,"column":3}},"53":{"start":{"line":181,"column":4},"end":{"line":181,"column":23}},"54":{"start":{"line":183,"column":2},"end":{"line":188,"column":3}},"55":{"start":{"line":185,"column":22},"end":{"line":185,"column":49}},"56":{"start":{"line":186,"column":4},"end":{"line":186,"column":66}},"57":{"start":{"line":186,"column":35},"end":{"line":186,"column":66}},"58":{"start":{"line":187,"column":4},"end":{"line":187,"column":23}},"59":{"start":{"line":189,"column":2},"end":{"line":189,"column":59}}},"fnMap":{"0":{"name":"useImageRetake","decl":{"start":{"line":48,"column":16},"end":{"line":48,"column":30}},"loc":{"start":{"line":48,"column":55},"end":{"line":139,"column":1}},"line":48},"1":{"name":"(anonymous_1)","decl":{"start":{"line":54,"column":28},"end":{"line":54,"column":29}},"loc":{"start":{"line":54,"column":34},"end":{"line":58,"column":3}},"line":54},"2":{"name":"(anonymous_2)","decl":{"start":{"line":63,"column":4},"end":{"line":63,"column":5}},"loc":{"start":{"line":63,"column":57},"end":{"line":121,"column":5}},"line":63},"3":{"name":"(anonymous_3)","decl":{"start":{"line":99,"column":28},"end":{"line":99,"column":29}},"loc":{"start":{"line":99,"column":37},"end":{"line":104,"column":11}},"line":99},"4":{"name":"(anonymous_4)","decl":{"start":{"line":127,"column":35},"end":{"line":127,"column":36}},"loc":{"start":{"line":127,"column":62},"end":{"line":136,"column":3}},"line":127},"5":{"name":"_acquireAsset","decl":{"start":{"line":143,"column":15},"end":{"line":143,"column":28}},"loc":{"start":{"line":143,"column":52},"end":{"line":170,"column":1}},"line":143},"6":{"name":"_isAbortError","decl":{"start":{"line":172,"column":9},"end":{"line":172,"column":22}},"loc":{"start":{"line":172,"column":46},"end":{"line":177,"column":1}},"line":172},"7":{"name":"_extractMessage","decl":{"start":{"line":179,"column":9},"end":{"line":179,"column":24}},"loc":{"start":{"line":179,"column":47},"end":{"line":190,"column":1}},"line":179}},"branchMap":{"0":{"loc":{"start":{"line":69,"column":8},"end":{"line":72,"column":9}},"type":"if","locations":[{"start":{"line":69,"column":8},"end":{"line":72,"column":9}},{"start":{},"end":{}}],"line":69},"1":{"loc":{"start":{"line":78,"column":8},"end":{"line":82,"column":9}},"type":"if","locations":[{"start":{"line":78,"column":8},"end":{"line":82,"column":9}},{"start":{"line":80,"column":15},"end":{"line":82,"column":9}}],"line":78},"2":{"loc":{"start":{"line":100,"column":12},"end":{"line":103,"column":13}},"type":"if","locations":[{"start":{"line":100,"column":12},"end":{"line":103,"column":13}},{"start":{},"end":{}}],"line":100},"3":{"loc":{"start":{"line":100,"column":16},"end":{"line":100,"column":42}},"type":"binary-expr","locations":[{"start":{"line":100,"column":16},"end":{"line":100,"column":25}},{"start":{"line":100,"column":29},"end":{"line":100,"column":42}}],"line":100},"4":{"loc":{"start":{"line":113,"column":22},"end":{"line":113,"column":41}},"type":"binary-expr","locations":[{"start":{"line":113,"column":22},"end":{"line":113,"column":33}},{"start":{"line":113,"column":37},"end":{"line":113,"column":41}}],"line":113},"5":{"loc":{"start":{"line":116,"column":8},"end":{"line":116,"column":39}},"type":"if","locations":[{"start":{"line":116,"column":8},"end":{"line":116,"column":39}},{"start":{},"end":{}}],"line":116},"6":{"loc":{"start":{"line":144,"column":2},"end":{"line":154,"column":3}},"type":"if","locations":[{"start":{"line":144,"column":2},"end":{"line":154,"column":3}},{"start":{},"end":{}}],"line":144},"7":{"loc":{"start":{"line":146,"column":4},"end":{"line":148,"column":5}},"type":"if","locations":[{"start":{"line":146,"column":4},"end":{"line":148,"column":5}},{"start":{},"end":{}}],"line":146},"8":{"loc":{"start":{"line":157,"column":2},"end":{"line":159,"column":3}},"type":"if","locations":[{"start":{"line":157,"column":2},"end":{"line":159,"column":3}},{"start":{},"end":{}}],"line":157},"9":{"loc":{"start":{"line":168,"column":2},"end":{"line":168,"column":56}},"type":"if","locations":[{"start":{"line":168,"column":2},"end":{"line":168,"column":56}},{"start":{},"end":{}}],"line":168},"10":{"loc":{"start":{"line":168,"column":6},"end":{"line":168,"column":42}},"type":"binary-expr","locations":[{"start":{"line":168,"column":6},"end":{"line":168,"column":21}},{"start":{"line":168,"column":25},"end":{"line":168,"column":42}}],"line":168},"11":{"loc":{"start":{"line":174,"column":4},"end":{"line":175,"column":63}},"type":"binary-expr","locations":[{"start":{"line":174,"column":4},"end":{"line":174,"column":24}},{"start":{"line":175,"column":5},"end":{"line":175,"column":30}},{"start":{"line":175,"column":34},"end":{"line":175,"column":62}}],"line":174},"12":{"loc":{"start":{"line":180,"column":2},"end":{"line":182,"column":3}},"type":"if","locations":[{"start":{"line":180,"column":2},"end":{"line":182,"column":3}},{"start":{},"end":{}}],"line":180},"13":{"loc":{"start":{"line":180,"column":6},"end":{"line":180,"column":76}},"type":"binary-expr","locations":[{"start":{"line":180,"column":6},"end":{"line":180,"column":41}},{"start":{"line":180,"column":45},"end":{"line":180,"column":76}}],"line":180},"14":{"loc":{"start":{"line":183,"column":2},"end":{"line":188,"column":3}},"type":"if","locations":[{"start":{"line":183,"column":2},"end":{"line":188,"column":3}},{"start":{},"end":{}}],"line":183},"15":{"loc":{"start":{"line":186,"column":4},"end":{"line":186,"column":66}},"type":"if","locations":[{"start":{"line":186,"column":4},"end":{"line":186,"column":66}},{"start":{},"end":{}}],"line":186}},"s":{"0":38,"1":38,"2":38,"3":38,"4":4,"5":4,"6":4,"7":38,"8":14,"9":14,"10":14,"11":12,"12":2,"13":2,"14":10,"15":10,"16":0,"17":10,"18":8,"19":8,"20":8,"21":8,"22":8,"23":0,"24":0,"25":0,"26":5,"27":5,"28":7,"29":0,"30":7,"31":7,"32":38,"33":3,"34":3,"35":2,"36":1,"37":1,"38":38,"39":14,"40":2,"41":2,"42":1,"43":1,"44":12,"45":12,"46":1,"47":11,"48":11,"49":1,"50":10,"51":7,"52":8,"53":0,"54":8,"55":8,"56":8,"57":1,"58":7,"59":0},"f":{"0":38,"1":4,"2":14,"3":0,"4":3,"5":14,"6":7,"7":8},"b":{"0":[2,10],"1":[0,10],"2":[0,0],"3":[0,0],"4":[5,4],"5":[0,7],"6":[2,12],"7":[1,1],"8":[1,11],"9":[1,10],"10":[11,10],"11":[7,7,7],"12":[0,8],"13":[8,8],"14":[8,0],"15":[1,7]},"_coverageSchema":"1a1c01bbd47fc00a2c39e90264f33305004495a9","hash":"756de640c649370873c054740c5ec39bebcbfaeb"}
,"/Users/shervindaletabernero/Documents/UROLENS/urolens-mobile/src/features/queue/hooks/useQueue.ts": {"path":"/Users/shervindaletabernero/Documents/UROLENS/urolens-mobile/src/features/queue/hooks/useQueue.ts","statementMap":{"0":{"start":{"line":9,"column":41},"end":{"line":9,"column":65}},"1":{"start":{"line":12,"column":2},"end":{"line":27,"column":4}},"2":{"start":{"line":31,"column":16},"end":{"line":31,"column":26}},"3":{"start":{"line":32,"column":2},"end":{"line":32,"column":29}},"4":{"start":{"line":33,"column":14},"end":{"line":33,"column":24}},"5":{"start":{"line":34,"column":2},"end":{"line":34,"column":32}},"6":{"start":{"line":35,"column":2},"end":{"line":35,"column":64}},"7":{"start":{"line":39,"column":2},"end":{"line":95,"column":3}},"8":{"start":{"line":41,"column":29},"end":{"line":41,"column":41}},"9":{"start":{"line":42,"column":6},"end":{"line":47,"column":8}},"10":{"start":{"line":50,"column":6},"end":{"line":53,"column":8}},"11":{"start":{"line":55,"column":6},"end":{"line":58,"column":8}},"12":{"start":{"line":60,"column":6},"end":{"line":63,"column":8}},"13":{"start":{"line":65,"column":6},"end":{"line":68,"column":8}},"14":{"start":{"line":70,"column":6},"end":{"line":73,"column":8}},"15":{"start":{"line":75,"column":6},"end":{"line":78,"column":8}},"16":{"start":{"line":80,"column":6},"end":{"line":83,"column":8}},"17":{"start":{"line":85,"column":6},"end":{"line":85,"column":58}},"18":{"start":{"line":87,"column":6},"end":{"line":87,"column":45}},"19":{"start":{"line":89,"column":6},"end":{"line":89,"column":45}},"20":{"start":{"line":91,"column":6},"end":{"line":91,"column":47}},"21":{"start":{"line":94,"column":6},"end":{"line":94,"column":58}},"22":{"start":{"line":109,"column":28},"end":{"line":109,"column":53}},"23":{"start":{"line":110,"column":34},"end":{"line":110,"column":59}},"24":{"start":{"line":111,"column":36},"end":{"line":111,"column":50}},"25":{"start":{"line":112,"column":30},"end":{"line":112,"column":59}},"26":{"start":{"line":113,"column":42},"end":{"line":113,"column":57}},"27":{"start":{"line":114,"column":23},"end":{"line":114,"column":41}},"28":{"start":{"line":117,"column":2},"end":{"line":129,"column":15}},"29":{"start":{"line":118,"column":20},"end":{"line":118,"column":38}},"30":{"start":{"line":119,"column":25},"end":{"line":126,"column":8}},"31":{"start":{"line":124,"column":8},"end":{"line":124,"column":53}},"32":{"start":{"line":125,"column":8},"end":{"line":125,"column":28}},"33":{"start":{"line":128,"column":4},"end":{"line":128,"column":44}},"34":{"start":{"line":128,"column":17},"end":{"line":128,"column":43}},"35":{"start":{"line":132,"column":2},"end":{"line":142,"column":9}},"36":{"start":{"line":133,"column":25},"end":{"line":139,"column":8}},"37":{"start":{"line":138,"column":8},"end":{"line":138,"column":56}},"38":{"start":{"line":141,"column":4},"end":{"line":141,"column":44}},"39":{"start":{"line":141,"column":17},"end":{"line":141,"column":43}},"40":{"start":{"line":144,"column":2},"end":{"line":148,"column":17}},"41":{"start":{"line":145,"column":4},"end":{"line":147,"column":5}},"42":{"start":{"line":146,"column":6},"end":{"line":146,"column":36}},"43":{"start":{"line":150,"column":18},"end":{"line":158,"column":16}},"44":{"start":{"line":151,"column":4},"end":{"line":151,"column":26}},"45":{"start":{"line":151,"column":19},"end":{"line":151,"column":26}},"46":{"start":{"line":152,"column":4},"end":{"line":152,"column":26}},"47":{"start":{"line":153,"column":4},"end":{"line":157,"column":5}},"48":{"start":{"line":154,"column":6},"end":{"line":154,"column":26}},"49":{"start":{"line":156,"column":6},"end":{"line":156,"column":29}},"50":{"start":{"line":160,"column":2},"end":{"line":160,"column":82}}},"fnMap":{"0":{"name":"specimenToQueueItem","decl":{"start":{"line":11,"column":9},"end":{"line":11,"column":28}},"loc":{"start":{"line":11,"column":53},"end":{"line":28,"column":1}},"line":11},"1":{"name":"todayRange","decl":{"start":{"line":30,"column":9},"end":{"line":30,"column":19}},"loc":{"start":{"line":30,"column":54},"end":{"line":36,"column":1}},"line":30},"2":{"name":"buildQuery","decl":{"start":{"line":38,"column":9},"end":{"line":38,"column":19}},"loc":{"start":{"line":38,"column":54},"end":{"line":96,"column":1}},"line":38},"3":{"name":"useQueue","decl":{"start":{"line":108,"column":16},"end":{"line":108,"column":24}},"loc":{"start":{"line":108,"column":43},"end":{"line":161,"column":1}},"line":108},"4":{"name":"(anonymous_4)","decl":{"start":{"line":117,"column":12},"end":{"line":117,"column":13}},"loc":{"start":{"line":117,"column":18},"end":{"line":129,"column":3}},"line":117},"5":{"name":"(anonymous_5)","decl":{"start":{"line":123,"column":17},"end":{"line":123,"column":18}},"loc":{"start":{"line":123,"column":32},"end":{"line":126,"column":7}},"line":123},"6":{"name":"(anonymous_6)","decl":{"start":{"line":128,"column":11},"end":{"line":128,"column":12}},"loc":{"start":{"line":128,"column":17},"end":{"line":128,"column":43}},"line":128},"7":{"name":"(anonymous_7)","decl":{"start":{"line":132,"column":12},"end":{"line":132,"column":13}},"loc":{"start":{"line":132,"column":18},"end":{"line":142,"column":3}},"line":132},"8":{"name":"(anonymous_8)","decl":{"start":{"line":137,"column":17},"end":{"line":137,"column":18}},"loc":{"start":{"line":137,"column":32},"end":{"line":139,"column":7}},"line":137},"9":{"name":"(anonymous_9)","decl":{"start":{"line":141,"column":11},"end":{"line":141,"column":12}},"loc":{"start":{"line":141,"column":17},"end":{"line":141,"column":43}},"line":141},"10":{"name":"(anonymous_10)","decl":{"start":{"line":144,"column":12},"end":{"line":144,"column":13}},"loc":{"start":{"line":144,"column":18},"end":{"line":148,"column":3}},"line":144},"11":{"name":"(anonymous_11)","decl":{"start":{"line":146,"column":26},"end":{"line":146,"column":27}},"loc":{"start":{"line":146,"column":32},"end":{"line":146,"column":34}},"line":146},"12":{"name":"(anonymous_12)","decl":{"start":{"line":150,"column":30},"end":{"line":150,"column":31}},"loc":{"start":{"line":150,"column":42},"end":{"line":158,"column":3}},"line":150}},"branchMap":{"0":{"loc":{"start":{"line":39,"column":2},"end":{"line":95,"column":3}},"type":"switch","locations":[{"start":{"line":40,"column":4},"end":{"line":48,"column":5}},{"start":{"line":49,"column":4},"end":{"line":53,"column":8}},{"start":{"line":54,"column":4},"end":{"line":58,"column":8}},{"start":{"line":59,"column":4},"end":{"line":63,"column":8}},{"start":{"line":64,"column":4},"end":{"line":68,"column":8}},{"start":{"line":69,"column":4},"end":{"line":73,"column":8}},{"start":{"line":74,"column":4},"end":{"line":78,"column":8}},{"start":{"line":79,"column":4},"end":{"line":83,"column":8}},{"start":{"line":84,"column":4},"end":{"line":85,"column":58}},{"start":{"line":86,"column":4},"end":{"line":87,"column":45}},{"start":{"line":88,"column":4},"end":{"line":89,"column":45}},{"start":{"line":90,"column":4},"end":{"line":91,"column":47}},{"start":{"line":92,"column":4},"end":{"line":92,"column":15}},{"start":{"line":93,"column":4},"end":{"line":94,"column":58}}],"line":39},"1":{"loc":{"start":{"line":145,"column":4},"end":{"line":147,"column":5}},"type":"if","locations":[{"start":{"line":145,"column":4},"end":{"line":147,"column":5}},{"start":{},"end":{}}],"line":145},"2":{"loc":{"start":{"line":151,"column":4},"end":{"line":151,"column":26}},"type":"if","locations":[{"start":{"line":151,"column":4},"end":{"line":151,"column":26}},{"start":{},"end":{}}],"line":151}},"s":{"0":1,"1":5,"2":0,"3":0,"4":0,"5":0,"6":0,"7":23,"8":0,"9":0,"10":0,"11":0,"12":0,"13":2,"14":1,"15":0,"16":0,"17":0,"18":1,"19":0,"20":1,"21":18,"22":29,"23":29,"24":29,"25":29,"26":29,"27":29,"28":29,"29":23,"30":23,"31":4,"32":4,"33":23,"34":23,"35":29,"36":18,"37":0,"38":18,"39":18,"40":29,"41":18,"42":16,"43":29,"44":3,"45":1,"46":2,"47":2,"48":2,"49":2,"50":29},"f":{"0":5,"1":0,"2":23,"3":29,"4":23,"5":4,"6":23,"7":18,"8":0,"9":18,"10":18,"11":0,"12":3},"b":{"0":[0,0,0,0,2,1,0,0,0,1,0,1,18,18],"1":[16,2],"2":[1,2]},"_coverageSchema":"1a1c01bbd47fc00a2c39e90264f33305004495a9","hash":"2b0c86b220457ea6f73f08f4c8bdeba3fe26eec4"}
,"/Users/shervindaletabernero/Documents/UROLENS/urolens-mobile/src/features/specimen-rejection/hooks/useRejectSpecimen.ts": {"path":"/Users/shervindaletabernero/Documents/UROLENS/urolens-mobile/src/features/specimen-rejection/hooks/useRejectSpecimen.ts","statementMap":{"0":{"start":{"line":10,"column":36},"end":{"line":10,"column":51}},"1":{"start":{"line":11,"column":23},"end":{"line":11,"column":41}},"2":{"start":{"line":13,"column":17},"end":{"line":53,"column":3}},"3":{"start":{"line":15,"column":6},"end":{"line":15,"column":25}},"4":{"start":{"line":16,"column":6},"end":{"line":50,"column":7}},"5":{"start":{"line":17,"column":25},"end":{"line":17,"column":83}},"6":{"start":{"line":19,"column":8},"end":{"line":21,"column":9}},"7":{"start":{"line":20,"column":10},"end":{"line":20,"column":77}},"8":{"start":{"line":23,"column":48},"end":{"line":23,"column":71}},"9":{"start":{"line":24,"column":8},"end":{"line":24,"column":63}},"10":{"start":{"line":24,"column":26},"end":{"line":24,"column":63}},"11":{"start":{"line":26,"column":8},"end":{"line":28,"column":9}},"12":{"start":{"line":27,"column":10},"end":{"line":27,"column":82}},"13":{"start":{"line":30,"column":8},"end":{"line":47,"column":11}},"14":{"start":{"line":31,"column":10},"end":{"line":40,"column":11}},"15":{"start":{"line":32,"column":12},"end":{"line":39,"column":15}},"16":{"start":{"line":33,"column":14},"end":{"line":33,"column":37}},"17":{"start":{"line":34,"column":14},"end":{"line":34,"column":46}},"18":{"start":{"line":35,"column":14},"end":{"line":35,"column":59}},"19":{"start":{"line":36,"column":14},"end":{"line":36,"column":54}},"20":{"start":{"line":37,"column":14},"end":{"line":37,"column":51}},"21":{"start":{"line":38,"column":14},"end":{"line":38,"column":39}},"22":{"start":{"line":41,"column":10},"end":{"line":46,"column":13}},"23":{"start":{"line":42,"column":12},"end":{"line":42,"column":34}},"24":{"start":{"line":43,"column":12},"end":{"line":43,"column":39}},"25":{"start":{"line":44,"column":12},"end":{"line":44,"column":51}},"26":{"start":{"line":45,"column":12},"end":{"line":45,"column":120}},"27":{"start":{"line":49,"column":8},"end":{"line":49,"column":28}},"28":{"start":{"line":55,"column":2},"end":{"line":55,"column":31}}},"fnMap":{"0":{"name":"useRejectSpecimen","decl":{"start":{"line":9,"column":16},"end":{"line":9,"column":33}},"loc":{"start":{"line":9,"column":54},"end":{"line":56,"column":1}},"line":9},"1":{"name":"(anonymous_1)","decl":{"start":{"line":14,"column":4},"end":{"line":14,"column":5}},"loc":{"start":{"line":14,"column":54},"end":{"line":51,"column":5}},"line":14},"2":{"name":"(anonymous_2)","decl":{"start":{"line":30,"column":29},"end":{"line":30,"column":30}},"loc":{"start":{"line":30,"column":41},"end":{"line":47,"column":9}},"line":30},"3":{"name":"(anonymous_3)","decl":{"start":{"line":32,"column":67},"end":{"line":32,"column":68}},"loc":{"start":{"line":32,"column":74},"end":{"line":39,"column":13}},"line":32},"4":{"name":"(anonymous_4)","decl":{"start":{"line":41,"column":32},"end":{"line":41,"column":33}},"loc":{"start":{"line":41,"column":39},"end":{"line":46,"column":11}},"line":41}},"branchMap":{"0":{"loc":{"start":{"line":19,"column":8},"end":{"line":21,"column":9}},"type":"if","locations":[{"start":{"line":19,"column":8},"end":{"line":21,"column":9}},{"start":{},"end":{}}],"line":19},"1":{"loc":{"start":{"line":24,"column":8},"end":{"line":24,"column":63}},"type":"if","locations":[{"start":{"line":24,"column":8},"end":{"line":24,"column":63}},{"start":{},"end":{}}],"line":24},"2":{"loc":{"start":{"line":26,"column":8},"end":{"line":28,"column":9}},"type":"if","locations":[{"start":{"line":26,"column":8},"end":{"line":28,"column":9}},{"start":{},"end":{}}],"line":26},"3":{"loc":{"start":{"line":31,"column":10},"end":{"line":40,"column":11}},"type":"if","locations":[{"start":{"line":31,"column":10},"end":{"line":40,"column":11}},{"start":{},"end":{}}],"line":31},"4":{"loc":{"start":{"line":44,"column":30},"end":{"line":44,"column":50}},"type":"binary-expr","locations":[{"start":{"line":44,"column":30},"end":{"line":44,"column":42}},{"start":{"line":44,"column":46},"end":{"line":44,"column":50}}],"line":44}},"s":{"0":21,"1":21,"2":21,"3":10,"4":10,"5":10,"6":10,"7":1,"8":9,"9":9,"10":2,"11":9,"12":6,"13":8,"14":8,"15":3,"16":4,"17":4,"18":4,"19":4,"20":4,"21":4,"22":8,"23":8,"24":8,"25":8,"26":8,"27":10,"28":21},"f":{"0":21,"1":10,"2":8,"3":4,"4":8},"b":{"0":[1,9],"1":[2,7],"2":[6,3],"3":[3,5],"4":[8,6]},"_coverageSchema":"1a1c01bbd47fc00a2c39e90264f33305004495a9","hash":"c97267bbab93a9e0c1551aa9f60218ad080aa1f0"}
,"/Users/shervindaletabernero/Documents/UROLENS/urolens-mobile/src/lib/auth/tokenStorage.ts": {"path":"/Users/shervindaletabernero/Documents/UROLENS/urolens-mobile/src/lib/auth/tokenStorage.ts","statementMap":{"0":{"start":{"line":3,"column":25},"end":{"line":3,"column":47}},"1":{"start":{"line":4,"column":20},"end":{"line":4,"column":37}},"2":{"start":{"line":5,"column":22},"end":{"line":5,"column":41}},"3":{"start":{"line":6,"column":21},"end":{"line":6,"column":39}},"4":{"start":{"line":8,"column":28},"end":{"line":45,"column":1}},"5":{"start":{"line":10,"column":4},"end":{"line":10,"column":60}},"6":{"start":{"line":14,"column":4},"end":{"line":14,"column":54}},"7":{"start":{"line":18,"column":4},"end":{"line":18,"column":56}},"8":{"start":{"line":22,"column":4},"end":{"line":22,"column":56}},"9":{"start":{"line":23,"column":4},"end":{"line":23,"column":56}},"10":{"start":{"line":24,"column":4},"end":{"line":24,"column":59}},"11":{"start":{"line":28,"column":4},"end":{"line":28,"column":49}},"12":{"start":{"line":32,"column":4},"end":{"line":32,"column":51}},"13":{"start":{"line":36,"column":4},"end":{"line":36,"column":50}},"14":{"start":{"line":40,"column":4},"end":{"line":40,"column":56}},"15":{"start":{"line":41,"column":4},"end":{"line":41,"column":51}},"16":{"start":{"line":42,"column":4},"end":{"line":42,"column":53}},"17":{"start":{"line":43,"column":4},"end":{"line":43,"column":52}}},"fnMap":{"0":{"name":"(anonymous_0)","decl":{"start":{"line":9,"column":2},"end":{"line":9,"column":3}},"loc":{"start":{"line":9,"column":48},"end":{"line":11,"column":3}},"line":9},"1":{"name":"(anonymous_1)","decl":{"start":{"line":13,"column":2},"end":{"line":13,"column":3}},"loc":{"start":{"line":13,"column":43},"end":{"line":15,"column":3}},"line":13},"2":{"name":"(anonymous_2)","decl":{"start":{"line":17,"column":2},"end":{"line":17,"column":3}},"loc":{"start":{"line":17,"column":37},"end":{"line":19,"column":3}},"line":17},"3":{"name":"(anonymous_3)","decl":{"start":{"line":21,"column":2},"end":{"line":21,"column":3}},"loc":{"start":{"line":21,"column":84},"end":{"line":25,"column":3}},"line":21},"4":{"name":"(anonymous_4)","decl":{"start":{"line":27,"column":2},"end":{"line":27,"column":3}},"loc":{"start":{"line":27,"column":44},"end":{"line":29,"column":3}},"line":27},"5":{"name":"(anonymous_5)","decl":{"start":{"line":31,"column":2},"end":{"line":31,"column":3}},"loc":{"start":{"line":31,"column":46},"end":{"line":33,"column":3}},"line":31},"6":{"name":"(anonymous_6)","decl":{"start":{"line":35,"column":2},"end":{"line":35,"column":3}},"loc":{"start":{"line":35,"column":46},"end":{"line":37,"column":3}},"line":35},"7":{"name":"(anonymous_7)","decl":{"start":{"line":39,"column":2},"end":{"line":39,"column":3}},"loc":{"start":{"line":39,"column":34},"end":{"line":44,"column":3}},"line":39}},"branchMap":{},"s":{"0":1,"1":1,"2":1,"3":1,"4":1,"5":1,"6":2,"7":1,"8":1,"9":1,"10":1,"11":2,"12":1,"13":0,"14":1,"15":1,"16":1,"17":1},"f":{"0":1,"1":2,"2":1,"3":1,"4":2,"5":1,"6":0,"7":1},"b":{},"_coverageSchema":"1a1c01bbd47fc00a2c39e90264f33305004495a9","hash":"91878a1ee6a913b5e263dffa514fca9e916820da"}
,"/Users/shervindaletabernero/Documents/UROLENS/urolens-mobile/src/lib/camera/imageUtils.ts": {"path":"/Users/shervindaletabernero/Documents/UROLENS/urolens-mobile/src/lib/camera/imageUtils.ts","statementMap":{"0":{"start":{"line":18,"column":25},"end":{"line":18,"column":28}},"1":{"start":{"line":19,"column":26},"end":{"line":19,"column":29}},"2":{"start":{"line":37,"column":4},"end":{"line":41,"column":6}},"3":{"start":{"line":42,"column":4},"end":{"line":42,"column":39}},"4":{"start":{"line":48,"column":4},"end":{"line":51,"column":6}},"5":{"start":{"line":52,"column":4},"end":{"line":52,"column":35}},"6":{"start":{"line":65,"column":2},"end":{"line":65,"column":46}},"7":{"start":{"line":74,"column":2},"end":{"line":74,"column":56}},"8":{"start":{"line":74,"column":18},"end":{"line":74,"column":56}},"9":{"start":{"line":75,"column":2},"end":{"line":79,"column":4}},"10":{"start":{"line":89,"column":15},"end":{"line":89,"column":29}},"11":{"start":{"line":90,"column":2},"end":{"line":90,"column":41}},"12":{"start":{"line":92,"column":2},"end":{"line":96,"column":24}},"13":{"start":{"line":97,"column":2},"end":{"line":97,"column":14}},"14":{"start":{"line":108,"column":40},"end":{"line":108,"column":93}},"15":{"start":{"line":109,"column":17},"end":{"line":109,"column":78}},"16":{"start":{"line":112,"column":19},"end":{"line":112,"column":71}},"17":{"start":{"line":113,"column":28},"end":{"line":113,"column":36}},"18":{"start":{"line":116,"column":2},"end":{"line":118,"column":3}},"19":{"start":{"line":117,"column":4},"end":{"line":117,"column":50}},"20":{"start":{"line":120,"column":16},"end":{"line":120,"column":68}},"21":{"start":{"line":123,"column":18},"end":{"line":123,"column":19}},"22":{"start":{"line":124,"column":2},"end":{"line":129,"column":3}},"23":{"start":{"line":125,"column":17},"end":{"line":125,"column":61}},"24":{"start":{"line":125,"column":52},"end":{"line":125,"column":60}},"25":{"start":{"line":126,"column":4},"end":{"line":126,"column":26}},"26":{"start":{"line":131,"column":2},"end":{"line":138,"column":4}}},"fnMap":{"0":{"name":"(anonymous_0)","decl":{"start":{"line":36,"column":2},"end":{"line":36,"column":3}},"loc":{"start":{"line":36,"column":45},"end":{"line":43,"column":3}},"line":36},"1":{"name":"(anonymous_1)","decl":{"start":{"line":47,"column":2},"end":{"line":47,"column":3}},"loc":{"start":{"line":47,"column":32},"end":{"line":53,"column":3}},"line":47},"2":{"name":"processCapture","decl":{"start":{"line":62,"column":22},"end":{"line":62,"column":36}},"loc":{"start":{"line":64,"column":27},"end":{"line":66,"column":1}},"line":64},"3":{"name":"processPickerAsset","decl":{"start":{"line":71,"column":22},"end":{"line":71,"column":40}},"loc":{"start":{"line":73,"column":27},"end":{"line":80,"column":1}},"line":73},"4":{"name":"buildUploadFormData","decl":{"start":{"line":85,"column":16},"end":{"line":85,"column":35}},"loc":{"start":{"line":88,"column":12},"end":{"line":98,"column":1}},"line":88},"5":{"name":"_processUri","decl":{"start":{"line":102,"column":15},"end":{"line":102,"column":26}},"loc":{"start":{"line":106,"column":27},"end":{"line":139,"column":1}},"line":106},"6":{"name":"(anonymous_6)","decl":{"start":{"line":125,"column":45},"end":{"line":125,"column":46}},"loc":{"start":{"line":125,"column":52},"end":{"line":125,"column":60}},"line":125}},"branchMap":{"0":{"loc":{"start":{"line":74,"column":2},"end":{"line":74,"column":56}},"type":"if","locations":[{"start":{"line":74,"column":2},"end":{"line":74,"column":56}},{"start":{},"end":{}}],"line":74},"1":{"loc":{"start":{"line":77,"column":4},"end":{"line":77,"column":37}},"type":"binary-expr","locations":[{"start":{"line":77,"column":4},"end":{"line":77,"column":18}},{"start":{"line":77,"column":22},"end":{"line":77,"column":37}}],"line":77},"2":{"loc":{"start":{"line":108,"column":40},"end":{"line":108,"column":93}},"type":"cond-expr","locations":[{"start":{"line":108,"column":67},"end":{"line":108,"column":78}},{"start":{"line":108,"column":81},"end":{"line":108,"column":93}}],"line":108},"3":{"loc":{"start":{"line":109,"column":17},"end":{"line":109,"column":78}},"type":"cond-expr","locations":[{"start":{"line":109,"column":46},"end":{"line":109,"column":60}},{"start":{"line":109,"column":63},"end":{"line":109,"column":78}}],"line":109},"4":{"loc":{"start":{"line":116,"column":2},"end":{"line":118,"column":3}},"type":"if","locations":[{"start":{"line":116,"column":2},"end":{"line":118,"column":3}},{"start":{},"end":{}}],"line":116},"5":{"loc":{"start":{"line":116,"column":6},"end":{"line":116,"column":46}},"type":"binary-expr","locations":[{"start":{"line":116,"column":6},"end":{"line":116,"column":23}},{"start":{"line":116,"column":27},"end":{"line":116,"column":46}}],"line":116},"6":{"loc":{"start":{"line":137,"column":47},"end":{"line":137,"column":88}},"type":"cond-expr","locations":[{"start":{"line":137,"column":75},"end":{"line":137,"column":80}},{"start":{"line":137,"column":83},"end":{"line":137,"column":88}}],"line":137}},"s":{"0":2,"1":2,"2":7,"3":7,"4":5,"5":5,"6":10,"7":6,"8":1,"9":5,"10":3,"11":3,"12":3,"13":3,"14":15,"15":15,"16":15,"17":15,"18":15,"19":2,"20":13,"21":13,"22":13,"23":13,"24":12,"25":12,"26":13},"f":{"0":7,"1":5,"2":10,"3":6,"4":3,"5":15,"6":12},"b":{"0":[1,5],"1":[5,4],"2":[2,13],"3":[2,13],"4":[2,13],"5":[15,14],"6":[2,11]},"_coverageSchema":"1a1c01bbd47fc00a2c39e90264f33305004495a9","hash":"9dbb238357e57b6a55b9e20eb91617116545f0ab"}
}
