TN:
SF:src/db/sync/conflictResolver.ts
FN:19,resolveConflict
FN:38,applyResolution
FNF:2
FNH:2
FNDA:9,resolveConflict
FNDA:6,applyResolution
DA:21,9
DA:22,3
DA:26,6
DA:27,2
DA:31,4
DA:35,4
DA:43,6
LF:7
LH:7
BRDA:21,0,0,3
BRDA:21,0,1,6
BRDA:26,1,0,2
BRDA:26,1,1,4
BRDA:26,2,0,6
BRDA:26,2,1,4
BRDA:43,3,0,3
BRDA:43,3,1,3
BRF:8
BRH:8
end_of_record
TN:
SF:src/features/image-retake/hooks/useImageRetake.ts
FN:48,useImageRetake
FN:54,(anonymous_1)
FN:63,(anonymous_2)
FN:99,(anonymous_3)
FN:127,(anonymous_4)
FN:143,_acquireAsset
FN:172,_isAbortError
FN:179,_extractMessage
FNF:8
FNH:7
FNDA:38,useImageRetake
FNDA:4,(anonymous_1)
FNDA:14,(anonymous_2)
FNDA:0,(anonymous_3)
FNDA:3,(anonymous_4)
FNDA:14,_acquireAsset
FNDA:7,_isAbortError
FNDA:8,_extractMessage
DA:49,38
DA:50,38
DA:52,38
DA:54,38
DA:55,4
DA:56,4
DA:57,4
DA:62,38
DA:64,14
DA:66,14
DA:68,14
DA:69,12
DA:70,2
DA:71,2
DA:75,10
DA:78,10
DA:79,0
DA:81,10
DA:84,8
DA:87,8
DA:88,8
DA:90,8
DA:92,8
DA:100,0
DA:101,0
DA:102,0
DA:107,5
DA:109,5
DA:116,7
DA:118,7
DA:119,7
DA:127,38
DA:128,3
DA:129,3
DA:131,2
DA:133,1
DA:134,1
DA:138,38
DA:144,14
DA:145,2
DA:146,2
DA:147,1
DA:153,1
DA:156,12
DA:157,12
DA:158,1
DA:161,11
DA:168,11
DA:169,10
DA:173,7
DA:180,8
DA:181,0
DA:183,8
DA:185,8
DA:186,8
DA:187,7
DA:189,0
LF:57
LH:51
BRDA:69,0,0,2
BRDA:69,0,1,10
BRDA:78,1,0,0
BRDA:78,1,1,10
BRDA:100,2,0,0
BRDA:100,2,1,0
BRDA:100,3,0,0
BRDA:100,3,1,0
BRDA:113,4,0,5
BRDA:113,4,1,4
BRDA:116,5,0,0
BRDA:116,5,1,7
BRDA:144,6,0,2
BRDA:144,6,1,12
BRDA:146,7,0,1
BRDA:146,7,1,1
BRDA:157,8,0,1
BRDA:157,8,1,11
BRDA:168,9,0,1
BRDA:168,9,1,10
BRDA:168,10,0,11
BRDA:168,10,1,10
BRDA:174,11,0,7
BRDA:174,11,1,7
BRDA:174,11,2,7
BRDA:180,12,0,0
BRDA:180,12,1,8
BRDA:180,13,0,8
BRDA:180,13,1,8
BRDA:183,14,0,8
BRDA:183,14,1,0
BRDA:186,15,0,1
BRDA:186,15,1,7
BRF:33
BRH:25
end_of_record
TN:
SF:src/features/queue/hooks/useQueue.ts
FN:11,specimenToQueueItem
FN:30,todayRange
FN:38,buildQuery
FN:108,useQueue
FN:117,(anonymous_4)
FN:123,(anonymous_5)
FN:128,(anonymous_6)
FN:132,(anonymous_7)
FN:137,(anonymous_8)
FN:141,(anonymous_9)
FN:144,(anonymous_10)
FN:146,(anonymous_11)
FN:150,(anonymous_12)
FNF:13
FNH:10
FNDA:5,specimenToQueueItem
FNDA:0,todayRange
FNDA:23,buildQuery
FNDA:29,useQueue
FNDA:23,(anonymous_4)
FNDA:4,(anonymous_5)
FNDA:23,(anonymous_6)
FNDA:18,(anonymous_7)
FNDA:0,(anonymous_8)
FNDA:18,(anonymous_9)
FNDA:18,(anonymous_10)
FNDA:0,(anonymous_11)
FNDA:3,(anonymous_12)
DA:9,1
DA:12,5
DA:31,0
DA:32,0
DA:33,0
DA:34,0
DA:35,0
DA:39,23
DA:41,0
DA:42,0
DA:50,0
DA:55,0
DA:60,0
DA:65,2
DA:70,1
DA:75,0
DA:80,0
DA:85,0
DA:87,1
DA:89,0
DA:91,1
DA:94,18
DA:109,29
DA:110,29
DA:111,29
DA:112,29
DA:113,29
DA:114,29
DA:117,29
DA:118,23
DA:119,23
DA:124,4
DA:125,4
DA:128,23
DA:132,29
DA:133,18
DA:138,0
DA:141,18
DA:144,29
DA:145,18
DA:146,16
DA:150,29
DA:151,3
DA:152,2
DA:153,2
DA:154,2
DA:156,2
DA:160,29
LF:48
LH:33
BRDA:39,0,0,0
BRDA:39,0,1,0
BRDA:39,0,2,0
BRDA:39,0,3,0
BRDA:39,0,4,2
BRDA:39,0,5,1
BRDA:39,0,6,0
BRDA:39,0,7,0
BRDA:39,0,8,0
BRDA:39,0,9,1
BRDA:39,0,10,0
BRDA:39,0,11,1
BRDA:39,0,12,18
BRDA:39,0,13,18
BRDA:145,1,0,16
BRDA:145,1,1,2
BRDA:151,2,0,1
BRDA:151,2,1,2
BRF:18
BRH:10
end_of_record
TN:
SF:src/features/specimen-rejection/hooks/useRejectSpecimen.ts
FN:9,useRejectSpecimen
FN:14,(anonymous_1)
FN:30,(anonymous_2)
FN:32,(anonymous_3)
FN:41,(anonymous_4)
FNF:5
FNH:5
FNDA:21,useRejectSpecimen
FNDA:10,(anonymous_1)
FNDA:8,(anonymous_2)
FNDA:4,(anonymous_3)
FNDA:8,(anonymous_4)
DA:10,21
DA:11,21
DA:13,21
DA:15,10
DA:16,10
DA:17,10
DA:19,10
DA:20,1
DA:23,9
DA:24,9
DA:26,9
DA:27,6
DA:30,8
DA:31,8
DA:32,3
DA:33,4
DA:34,4
DA:35,4
DA:36,4
DA:37,4
DA:38,4
DA:41,8
DA:42,8
DA:43,8
DA:44,8
DA:45,8
DA:49,10
DA:55,21
LF:28
LH:28
BRDA:19,0,0,1
BRDA:19,0,1,9
BRDA:24,1,0,2
BRDA:24,1,1,7
BRDA:26,2,0,6
BRDA:26,2,1,3
BRDA:31,3,0,3
BRDA:31,3,1,5
BRDA:44,4,0,8
BRDA:44,4,1,6
BRF:10
BRH:10
end_of_record
TN:
SF:src/lib/auth/tokenStorage.ts
FN:9,(anonymous_0)
FN:13,(anonymous_1)
FN:17,(anonymous_2)
FN:21,(anonymous_3)
FN:27,(anonymous_4)
FN:31,(anonymous_5)
FN:35,(anonymous_6)
FN:39,(anonymous_7)
FNF:8
FNH:7
FNDA:1,(anonymous_0)
FNDA:2,(anonymous_1)
FNDA:1,(anonymous_2)
FNDA:1,(anonymous_3)
FNDA:2,(anonymous_4)
FNDA:1,(anonymous_5)
FNDA:0,(anonymous_6)
FNDA:1,(anonymous_7)
DA:3,1
DA:4,1
DA:5,1
DA:6,1
DA:8,1
DA:10,1
DA:14,2
DA:18,1
DA:22,1
DA:23,1
DA:24,1
DA:28,2
DA:32,1
DA:36,0
DA:40,1
DA:41,1
DA:42,1
DA:43,1
LF:18
LH:17
BRF:0
BRH:0
end_of_record
TN:
SF:src/lib/camera/imageUtils.ts
FN:36,(anonymous_0)
FN:47,(anonymous_1)
FN:62,processCapture
FN:71,processPickerAsset
FN:85,buildUploadFormData
FN:102,_processUri
FN:125,(anonymous_6)
FNF:7
FNH:7
FNDA:7,(anonymous_0)
FNDA:5,(anonymous_1)
FNDA:10,processCapture
FNDA:6,processPickerAsset
FNDA:3,buildUploadFormData
FNDA:15,_processUri
FNDA:12,(anonymous_6)
DA:18,2
DA:19,2
DA:37,7
DA:42,7
DA:48,5
DA:52,5
DA:65,10
DA:74,6
DA:75,5
DA:89,3
DA:90,3
DA:92,3
DA:97,3
DA:108,15
DA:109,15
DA:112,15
DA:113,15
DA:116,15
DA:117,2
DA:120,13
DA:123,13
DA:124,13
DA:125,13
DA:126,12
DA:131,13
LF:25
LH:25
BRDA:74,0,0,1
BRDA:74,0,1,5
BRDA:77,1,0,5
BRDA:77,1,1,4
BRDA:108,2,0,2
BRDA:108,2,1,13
BRDA:109,3,0,2
BRDA:109,3,1,13
BRDA:116,4,0,2
BRDA:116,4,1,13
BRDA:116,5,0,15
BRDA:116,5,1,14
BRDA:137,6,0,2
BRDA:137,6,1,11
BRF:14
BRH:14
end_of_record
