TN:
SF:src/db/sync/conflictResolver.ts
FN:19,resolveConflict
FN:38,applyResolution
FNF:2
FNH:2
FNDA:9,resolveConflict
FNDA:6,applyResolution
DA:21,9
DA:22,3
DA:26,6
DA:27,2
DA:31,4
DA:35,4
DA:43,6
LF:7
LH:7
BRDA:21,0,0,3
BRDA:21,0,1,6
BRDA:26,1,0,2
BRDA:26,1,1,4
BRDA:26,2,0,6
BRDA:26,2,1,4
BRDA:43,3,0,3
BRDA:43,3,1,3
BRF:8
BRH:8
end_of_record
TN:
SF:src/lib/auth/tokenStorage.ts
FN:8,(anonymous_0)
FN:12,(anonymous_1)
FN:16,(anonymous_2)
FN:20,(anonymous_3)
FN:25,(anonymous_4)
FN:29,(anonymous_5)
FN:33,(anonymous_6)
FNF:7
FNH:7
FNDA:1,(anonymous_0)
FNDA:2,(anonymous_1)
FNDA:1,(anonymous_2)
FNDA:1,(anonymous_3)
FNDA:2,(anonymous_4)
FNDA:1,(anonymous_5)
FNDA:1,(anonymous_6)
DA:3,1
DA:4,1
DA:5,1
DA:7,1
DA:9,1
DA:13,2
DA:17,1
DA:21,1
DA:22,1
DA:26,2
DA:30,1
DA:34,1
DA:35,1
DA:36,1
LF:14
LH:14
BRF:0
BRH:0
end_of_record
